<?xml version="1.0" encoding="UTF-8"?>
<!-- Generated by org.testng.reporters.JUnitXMLReporter -->
<testsuite ignored="0" hostname="LAPTOP-PDIOTUFE" failures="0" tests="9" name="All Test Cases" time="109.898" errors="0" timestamp="2025-09-01T19:39:29 IST">
  <testcase classname="tests.LoginTest" name="testValidLogin" time="4.044"/>
  <testcase classname="tests.LoginTest" name="testInvalidLogin" time="2.49"/>
  <testcase classname="tests.SignUpTest" name="testSignUp" time="0.635"/>
  <testcase classname="tests.AddToCartTest" name="testAddSingleProductToCart" time="5.524"/>
  <testcase classname="tests.AddToCartTest" name="testAddMultipleProductsToCart" time="8.519"/>
  <testcase classname="tests.AddToCartTest" name="testRemoveProductFromCart" time="27.033"/>
  <testcase classname="tests.CheckoutTest" name="validateCheckoutProcess" time="6.951"/>
  <testcase classname="tests.CheckoutTest" name="validateCheckoutWithMultipleProducts" time="9.046"/>
  <testcase classname="tests.CheckoutTest" name="validateCheckoutWithoutDetails" time="5.42"/>
</testsuite> <!-- All Test Cases -->
